Product		Total Sales 	Amount

-------------------------------------------------
APPLE:        93   			 730
BANANA:       50   			 1500
GUAVA:        47   			 1880
MANGO:        50   			 1000

-------------------------------------------------
APPLE:        93   			 730
BANANA:       50   			 1500
GUAVA:        47   			 1880
MANGO:        50   			 1000

-------------------------------------------------
APPLE:        93   			 730
BANANA:       50   			 1500
GUAVA:        47   			 1880
MANGO:        50   			 1000

-------------------------------------------------
APPLE:        92   			 730
BANANA:       50   			 1500
GUAVA:        67   			 1920
MANGO:        50   			 980

-------------------------------------------------
APPLE:        92   			 730
BANANA:       50   			 1470
GUAVA:        67   			 1920
MANGO:        49   			 980

-------------------------------------------------
APPLE:        92   			 730
BANANA:       50   			 1470
GUAVA:        67   			 1920
MANGO:        49   			 980

-------------------------------------------------
APPLE:        72   			 530
BANANA:       240   			 7200
GUAVA:        67   			 1920
MANGO:        60   			 1180

-------------------------------------------------
APPLE:        63   			 620
BANANA:       240   			 7200
GUAVA:        67   			 1920
MANGO:        60   			 1200

-------------------------------------------------
APPLE:        63   			 620
BANANA:       240   			 7200
GUAVA:        67   			 1920
MANGO:        60   			 1200

-------------------------------------------------
APPLE:        63   			 620
BANANA:       240   			 7200
GUAVA:        67   			 1920
MANGO:        60   			 1200

-------------------------------------------------
APPLE:        63   			 620
BANANA:       240   			 7200
GUAVA:        67   			 2680
MANGO:        60   			 1200

-------------------------------------------------
APPLE:        62   			 610
BANANA:       239   			 7170
GUAVA:        65   			 2600
MANGO:        29   			 580

-------------------------------------------------
APPLE:        62   			 610
BANANA:       239   			 7170
GUAVA:        65   			 2600
MANGO:        29   			 580

-------------------------------------------------
APPLE:        62   			 610
BANANA:       239   			 7170
GUAVA:        65   			 2600
MANGO:        29   			 580

-------------------------------------------------
APPLE:        62   			 610
BANANA:       239   			 7170
GUAVA:        65   			 2600
MANGO:        29   			 580

-------------------------------------------------
APPLE:        62   			 610
BANANA:       239   			 7170
GUAVA:        65   			 2600
MANGO:        29   			 580

-------------------------------------------------
APPLE:        62   			 610
BANANA:       239   			 7170
GUAVA:        65   			 2600
MANGO:        29   			 580

-------------------------------------------------
APPLE:        62   			 610
BANANA:       239   			 7170
GUAVA:        65   			 2600
MANGO:        29   			 580

-------------------------------------------------
APPLE:        62   			 610
BANANA:       239   			 7170
GUAVA:        65   			 2600
MANGO:        29   			 580

-------------------------------------------------
APPLE:        62   			 610
BANANA:       239   			 7170
GUAVA:        65   			 2600
MANGO:        29   			 580
