Product		Total Sales 	Amount

-------------------------------------------------
APPLE:        23   			 40
BANANA:       2   			 60
GUAVA:        2   			 80
MANGO:        2   			 40

-------------------------------------------------
APPLE:        44   			 250
BANANA:       43   			 1290
GUAVA:        42   			 1680
MANGO:        43   			 860

-------------------------------------------------
APPLE:        67   			 480
BANANA:       45   			 1350
GUAVA:        43   			 1720
MANGO:        46   			 920

-------------------------------------------------
APPLE:        90   			 710
BANANA:       48   			 1440
GUAVA:        45   			 1800
MANGO:        47   			 940

-------------------------------------------------
APPLE:        23   			 40
BANANA:       2   			 60
GUAVA:        2   			 80
MANGO:        2   			 40

-------------------------------------------------
APPLE:        44   			 250
BANANA:       43   			 1290
GUAVA:        42   			 1680
MANGO:        43   			 860

-------------------------------------------------
APPLE:        67   			 480
BANANA:       45   			 1350
GUAVA:        43   			 1720
MANGO:        46   			 920

-------------------------------------------------
APPLE:        90   			 710
BANANA:       48   			 1440
GUAVA:        45   			 1800
MANGO:        47   			 940

-------------------------------------------------
APPLE:        23   			 40
BANANA:       2   			 60
GUAVA:        2   			 80
MANGO:        2   			 40

-------------------------------------------------
APPLE:        44   			 250
BANANA:       43   			 1290
GUAVA:        42   			 1680
MANGO:        43   			 860

-------------------------------------------------
APPLE:        67   			 480
BANANA:       45   			 1350
GUAVA:        43   			 1720
MANGO:        46   			 920

-------------------------------------------------
APPLE:        90   			 710
BANANA:       48   			 1440
GUAVA:        45   			 1800
MANGO:        47   			 940

-------------------------------------------------
APPLE:        23   			 40
BANANA:       2   			 60
GUAVA:        21   			 80
MANGO:        2   			 40

-------------------------------------------------
APPLE:        44   			 250
BANANA:       23   			 690
GUAVA:        62   			 1720
MANGO:        43   			 860

-------------------------------------------------
APPLE:        66   			 470
BANANA:       45   			 1350
GUAVA:        63   			 1760
MANGO:        46   			 920

-------------------------------------------------
APPLE:        90   			 710
BANANA:       47   			 1410
GUAVA:        65   			 1840
MANGO:        47   			 940

-------------------------------------------------
APPLE:        23   			 40
BANANA:       2   			 60
GUAVA:        20   			 40
MANGO:        2   			 40

-------------------------------------------------
APPLE:        24   			 50
BANANA:       23   			 690
GUAVA:        62   			 1720
MANGO:        43   			 860

-------------------------------------------------
APPLE:        66   			 470
BANANA:       45   			 1350
GUAVA:        63   			 1760
MANGO:        45   			 900

-------------------------------------------------
APPLE:        89   			 700
BANANA:       47   			 1410
GUAVA:        65   			 1840
MANGO:        47   			 940

-------------------------------------------------
APPLE:        23   			 40
BANANA:       2   			 60
GUAVA:        20   			 40
MANGO:        2   			 40

-------------------------------------------------
APPLE:        24   			 50
BANANA:       23   			 690
GUAVA:        62   			 1720
MANGO:        43   			 860

-------------------------------------------------
APPLE:        66   			 470
BANANA:       45   			 1350
GUAVA:        63   			 1760
MANGO:        45   			 900

-------------------------------------------------
APPLE:        89   			 700
BANANA:       47   			 1410
GUAVA:        65   			 1840
MANGO:        47   			 940

-------------------------------------------------
APPLE:        23   			 40
BANANA:       2   			 60
GUAVA:        20   			 40
MANGO:        2   			 40

-------------------------------------------------
APPLE:        24   			 50
BANANA:       213   			 6390
GUAVA:        63   			 1760
MANGO:        23   			 460

-------------------------------------------------
APPLE:        47   			 280
BANANA:       235   			 7050
GUAVA:        63   			 1760
MANGO:        26   			 520

-------------------------------------------------
APPLE:        70   			 510
BANANA:       238   			 7140
GUAVA:        65   			 1840
MANGO:        27   			 540

-------------------------------------------------
APPLE:        13   			 130
BANANA:       2   			 60
GUAVA:        21   			 80
MANGO:        2   			 40

-------------------------------------------------
APPLE:        14   			 140
BANANA:       214   			 6420
GUAVA:        63   			 1760
MANGO:        23   			 460

-------------------------------------------------
APPLE:        37   			 370
BANANA:       236   			 7080
GUAVA:        63   			 1760
MANGO:        26   			 520

-------------------------------------------------
APPLE:        60   			 600
BANANA:       238   			 7140
GUAVA:        65   			 1840
MANGO:        28   			 560

-------------------------------------------------
APPLE:        13   			 130
BANANA:       2   			 60
GUAVA:        21   			 80
MANGO:        2   			 40

-------------------------------------------------
APPLE:        14   			 140
BANANA:       214   			 6420
GUAVA:        63   			 1760
MANGO:        23   			 460

-------------------------------------------------
APPLE:        37   			 370
BANANA:       236   			 7080
GUAVA:        63   			 1760
MANGO:        26   			 520

-------------------------------------------------
APPLE:        60   			 600
BANANA:       238   			 7140
GUAVA:        65   			 1840
MANGO:        28   			 560

-------------------------------------------------
APPLE:        13   			 130
BANANA:       2   			 60
GUAVA:        21   			 80
MANGO:        2   			 40

-------------------------------------------------
APPLE:        14   			 140
BANANA:       214   			 6420
GUAVA:        63   			 1760
MANGO:        23   			 460

-------------------------------------------------
APPLE:        37   			 370
BANANA:       236   			 7080
GUAVA:        63   			 1760
MANGO:        26   			 520

-------------------------------------------------
APPLE:        60   			 600
BANANA:       238   			 7140
GUAVA:        65   			 1840
MANGO:        28   			 560

-------------------------------------------------
APPLE:        13   			 130
BANANA:       2   			 60
GUAVA:        21   			 840
MANGO:        2   			 40

-------------------------------------------------
APPLE:        14   			 140
BANANA:       214   			 6420
GUAVA:        63   			 2520
MANGO:        23   			 460

-------------------------------------------------
APPLE:        37   			 370
BANANA:       236   			 7080
GUAVA:        63   			 2520
MANGO:        26   			 520

-------------------------------------------------
APPLE:        60   			 600
BANANA:       238   			 7140
GUAVA:        65   			 2600
MANGO:        28   			 560

-------------------------------------------------
APPLE:        12   			 120
BANANA:       1   			 30
GUAVA:        20   			 800
MANGO:        2   			 40

-------------------------------------------------
APPLE:        13   			 130
BANANA:       3   			 90
GUAVA:        42   			 1680
MANGO:        22   			 440

-------------------------------------------------
APPLE:        36   			 360
BANANA:       214   			 6420
GUAVA:        63   			 2520
MANGO:        24   			 480

-------------------------------------------------
APPLE:        38   			 380
BANANA:       237   			 7110
GUAVA:        65   			 2600
MANGO:        26   			 520

-------------------------------------------------
APPLE:        12   			 120
BANANA:       1   			 30
GUAVA:        20   			 800
MANGO:        2   			 40

-------------------------------------------------
APPLE:        13   			 130
BANANA:       3   			 90
GUAVA:        42   			 1680
MANGO:        22   			 440

-------------------------------------------------
APPLE:        36   			 360
BANANA:       214   			 6420
GUAVA:        63   			 2520
MANGO:        24   			 480

-------------------------------------------------
APPLE:        38   			 380
BANANA:       237   			 7110
GUAVA:        65   			 2600
MANGO:        26   			 520

-------------------------------------------------
APPLE:        12   			 120
BANANA:       1   			 30
GUAVA:        20   			 800
MANGO:        2   			 40

-------------------------------------------------
APPLE:        13   			 130
BANANA:       3   			 90
GUAVA:        42   			 1680
MANGO:        22   			 440

-------------------------------------------------
APPLE:        36   			 360
BANANA:       214   			 6420
GUAVA:        63   			 2520
MANGO:        24   			 480

-------------------------------------------------
APPLE:        38   			 380
BANANA:       237   			 7110
GUAVA:        65   			 2600
MANGO:        26   			 520

-------------------------------------------------
APPLE:        12   			 120
BANANA:       1   			 30
GUAVA:        20   			 800
MANGO:        2   			 40

-------------------------------------------------
APPLE:        13   			 130
BANANA:       3   			 90
GUAVA:        42   			 1680
MANGO:        22   			 440

-------------------------------------------------
APPLE:        36   			 360
BANANA:       214   			 6420
GUAVA:        63   			 2520
MANGO:        24   			 480

-------------------------------------------------
APPLE:        38   			 380
BANANA:       237   			 7110
GUAVA:        65   			 2600
MANGO:        26   			 520

-------------------------------------------------
APPLE:        13   			 130
BANANA:       2   			 60
GUAVA:        20   			 800
MANGO:        2   			 40

-------------------------------------------------
APPLE:        13   			 130
BANANA:       3   			 90
GUAVA:        42   			 1680
MANGO:        22   			 440

-------------------------------------------------
APPLE:        36   			 360
BANANA:       214   			 6420
GUAVA:        63   			 2520
MANGO:        24   			 480

-------------------------------------------------
APPLE:        38   			 380
BANANA:       237   			 7110
GUAVA:        65   			 2600
MANGO:        26   			 520

-------------------------------------------------
APPLE:        13   			 130
BANANA:       2   			 60
GUAVA:        20   			 800
MANGO:        2   			 40

-------------------------------------------------
APPLE:        13   			 130
BANANA:       3   			 90
GUAVA:        42   			 1680
MANGO:        22   			 440

-------------------------------------------------
APPLE:        36   			 360
BANANA:       214   			 6420
GUAVA:        63   			 2520
MANGO:        24   			 480

-------------------------------------------------
APPLE:        38   			 380
BANANA:       237   			 7110
GUAVA:        65   			 2600
MANGO:        26   			 520

-------------------------------------------------
APPLE:        13   			 130
BANANA:       2   			 60
GUAVA:        20   			 800
MANGO:        2   			 40

-------------------------------------------------
APPLE:        13   			 130
BANANA:       3   			 90
GUAVA:        42   			 1680
MANGO:        22   			 440

-------------------------------------------------
APPLE:        36   			 360
BANANA:       214   			 6420
GUAVA:        63   			 2520
MANGO:        24   			 480

-------------------------------------------------
APPLE:        38   			 380
BANANA:       237   			 7110
GUAVA:        65   			 2600
MANGO:        26   			 520

-------------------------------------------------
APPLE:        13   			 130
BANANA:       2   			 60
GUAVA:        20   			 800
MANGO:        2   			 40

-------------------------------------------------
APPLE:        13   			 130
BANANA:       3   			 90
GUAVA:        42   			 1680
MANGO:        22   			 440

-------------------------------------------------
APPLE:        36   			 360
BANANA:       214   			 6420
GUAVA:        63   			 2520
MANGO:        24   			 480

-------------------------------------------------
APPLE:        38   			 380
BANANA:       237   			 7110
GUAVA:        65   			 2600
MANGO:        26   			 520

-------------------------------------------------
APPLE:        13   			 130
BANANA:       2   			 60
GUAVA:        20   			 800
MANGO:        2   			 40

-------------------------------------------------
APPLE:        13   			 130
BANANA:       3   			 90
GUAVA:        42   			 1680
MANGO:        22   			 440

-------------------------------------------------
APPLE:        36   			 360
BANANA:       214   			 6420
GUAVA:        63   			 2520
MANGO:        24   			 480

-------------------------------------------------
APPLE:        38   			 380
BANANA:       237   			 7110
GUAVA:        65   			 2600
MANGO:        26   			 520
